<?xml version="1.0" encoding="UTF-8"?>
<!-- Generated by org.testng.reporters.JUnitXMLReporter -->
<testsuite ignored="0" hostname="DESKTOP-VU86HJB" failures="0" tests="3" name="Default test" time="194.482" errors="0" timestamp="2024-12-06T22:15:53 IST">
  <testcase classname="com.cicd.testdemo.AutomationTalkDemo" name="Test1" time="59.434"/>
  <testcase classname="com.cicd.testdemo.AutomationTalkDemo" name="Test2" time="58.929"/>
  <testcase classname="com.cicd.testdemo.AutomationTalkDemo" name="Test3" time="58.175"/>
</testsuite> <!-- Default test -->
