<?xml version="1.0" encoding="UTF-8"?>
<!-- Generated by org.testng.reporters.JUnitXMLReporter -->
<testsuite ignored="0" hostname="DESKTOP-VU86HJB" failures="0" tests="3" name="Test" time="191.355" errors="0" timestamp="2024-11-30T10:58:26 IST">
  <testcase classname="com.cicd.testdemo.AutomationTalkDemo" name="Test1" time="58.203"/>
  <testcase classname="com.cicd.testdemo.AutomationTalkDemo" name="Test2" time="58.56"/>
  <testcase classname="com.cicd.testdemo.AutomationTalkDemo" name="Test3" time="58.535"/>
</testsuite> <!-- Test -->
