<?xml version="1.0" encoding="UTF-8"?>
<!-- Generated by org.testng.reporters.JUnitXMLReporter -->
<testsuite ignored="0" hostname="DESKTOP-VU86HJB" failures="0" tests="3" name="Test" time="192.846" errors="0" timestamp="2024-11-30T11:14:24 IST">
  <testcase classname="com.cicd.testdemo.AutomationTalkDemo" name="Test1" time="58.169"/>
  <testcase classname="com.cicd.testdemo.AutomationTalkDemo" name="Test2" time="58.177"/>
  <testcase classname="com.cicd.testdemo.AutomationTalkDemo" name="Test3" time="59.976"/>
</testsuite> <!-- Test -->
