<?xml version="1.0" encoding="UTF-8"?>
<!-- Generated by org.testng.reporters.JUnitXMLReporter -->
<testsuite ignored="0" hostname="DESKTOP-VU86HJB" failures="0" tests="3" name="Test" time="221.112" errors="0" timestamp="2024-12-06T23:48:52 IST">
  <testcase classname="com.cicd.testdemo.AutomationTalkDemo" name="Test1" time="58.142"/>
  <testcase classname="com.cicd.testdemo.AutomationTalkDemo" name="Test2" time="88.578"/>
  <testcase classname="com.cicd.testdemo.AutomationTalkDemo" name="Test3" time="58.846"/>
</testsuite> <!-- Test -->
