<?xml version="1.0" encoding="UTF-8"?>
<testng-results ignored="0" total="3" passed="3" failed="0" skipped="0">
  <reporter-output>
  </reporter-output>
  <suite started-at="2024-11-30T11:11:12 IST" name="Suite" finished-at="2024-11-30T11:14:24 IST" duration-ms="192846">
    <groups>
    </groups>
    <test started-at="2024-11-30T11:11:12 IST" name="Test" finished-at="2024-11-30T11:14:24 IST" duration-ms="192846">
      <class name="com.cicd.testdemo.AutomationTalkDemo">
        <test-method is-config="true" signature="setUp()[pri:0, instance:com.cicd.testdemo.AutomationTalkDemo@3cebbb30]" started-at="2024-11-30T11:11:12 IST" name="setUp" finished-at="2024-11-30T11:11:18 IST" duration-ms="5990" status="PASS">
          <reporter-output>
          </reporter-output>
        </test-method> <!-- setUp -->
        <test-method signature="Test1()[pri:0, instance:com.cicd.testdemo.AutomationTalkDemo@3cebbb30]" started-at="2024-11-30T11:11:18 IST" name="Test1" finished-at="2024-11-30T11:12:16 IST" duration-ms="58169" status="PASS">
          <reporter-output>
          </reporter-output>
        </test-method> <!-- Test1 -->
        <test-method is-config="true" signature="quit()[pri:0, instance:com.cicd.testdemo.AutomationTalkDemo@3cebbb30]" started-at="2024-11-30T11:12:16 IST" name="quit" finished-at="2024-11-30T11:12:16 IST" duration-ms="256" status="PASS">
          <reporter-output>
          </reporter-output>
        </test-method> <!-- quit -->
        <test-method is-config="true" signature="setUp()[pri:0, instance:com.cicd.testdemo.AutomationTalkDemo@3cebbb30]" started-at="2024-11-30T11:12:16 IST" name="setUp" finished-at="2024-11-30T11:12:20 IST" duration-ms="4241" status="PASS">
          <reporter-output>
          </reporter-output>
        </test-method> <!-- setUp -->
        <test-method signature="Test2()[pri:0, instance:com.cicd.testdemo.AutomationTalkDemo@3cebbb30]" started-at="2024-11-30T11:12:20 IST" name="Test2" finished-at="2024-11-30T11:13:18 IST" duration-ms="58177" status="PASS">
          <reporter-output>
          </reporter-output>
        </test-method> <!-- Test2 -->
        <test-method is-config="true" signature="quit()[pri:0, instance:com.cicd.testdemo.AutomationTalkDemo@3cebbb30]" started-at="2024-11-30T11:13:18 IST" name="quit" finished-at="2024-11-30T11:13:19 IST" duration-ms="375" status="PASS">
          <reporter-output>
          </reporter-output>
        </test-method> <!-- quit -->
        <test-method is-config="true" signature="setUp()[pri:0, instance:com.cicd.testdemo.AutomationTalkDemo@3cebbb30]" started-at="2024-11-30T11:13:19 IST" name="setUp" finished-at="2024-11-30T11:13:24 IST" duration-ms="4781" status="PASS">
          <reporter-output>
          </reporter-output>
        </test-method> <!-- setUp -->
        <test-method signature="Test3()[pri:0, instance:com.cicd.testdemo.AutomationTalkDemo@3cebbb30]" started-at="2024-11-30T11:13:24 IST" name="Test3" finished-at="2024-11-30T11:14:24 IST" duration-ms="59976" status="PASS">
          <reporter-output>
          </reporter-output>
        </test-method> <!-- Test3 -->
        <test-method is-config="true" signature="quit()[pri:0, instance:com.cicd.testdemo.AutomationTalkDemo@3cebbb30]" started-at="2024-11-30T11:14:24 IST" name="quit" finished-at="2024-11-30T11:14:24 IST" duration-ms="792" status="PASS">
          <reporter-output>
          </reporter-output>
        </test-method> <!-- quit -->
      </class> <!-- com.cicd.testdemo.AutomationTalkDemo -->
    </test> <!-- Test -->
  </suite> <!-- Suite -->
</testng-results>
