<?xml version="1.0" encoding="UTF-8"?>
<testng-results ignored="0" total="3" passed="3" failed="0" skipped="0">
  <reporter-output>
  </reporter-output>
  <suite started-at="2024-11-30T10:55:14 IST" name="Suite" finished-at="2024-11-30T10:58:26 IST" duration-ms="191355">
    <groups>
    </groups>
    <test started-at="2024-11-30T10:55:14 IST" name="Test" finished-at="2024-11-30T10:58:26 IST" duration-ms="191355">
      <class name="com.cicd.testdemo.AutomationTalkDemo">
        <test-method is-config="true" signature="setUp()[pri:0, instance:com.cicd.testdemo.AutomationTalkDemo@18df8434]" started-at="2024-11-30T10:55:14 IST" name="setUp" finished-at="2024-11-30T10:55:21 IST" duration-ms="6346" status="PASS">
          <reporter-output>
          </reporter-output>
        </test-method> <!-- setUp -->
        <test-method signature="Test1()[pri:0, instance:com.cicd.testdemo.AutomationTalkDemo@18df8434]" started-at="2024-11-30T10:55:21 IST" name="Test1" finished-at="2024-11-30T10:56:19 IST" duration-ms="58203" status="PASS">
          <reporter-output>
          </reporter-output>
        </test-method> <!-- Test1 -->
        <test-method is-config="true" signature="quit()[pri:0, instance:com.cicd.testdemo.AutomationTalkDemo@18df8434]" started-at="2024-11-30T10:56:19 IST" name="quit" finished-at="2024-11-30T10:56:19 IST" duration-ms="297" status="PASS">
          <reporter-output>
          </reporter-output>
        </test-method> <!-- quit -->
        <test-method is-config="true" signature="setUp()[pri:0, instance:com.cicd.testdemo.AutomationTalkDemo@18df8434]" started-at="2024-11-30T10:56:19 IST" name="setUp" finished-at="2024-11-30T10:56:24 IST" duration-ms="4382" status="PASS">
          <reporter-output>
          </reporter-output>
        </test-method> <!-- setUp -->
        <test-method signature="Test2()[pri:0, instance:com.cicd.testdemo.AutomationTalkDemo@18df8434]" started-at="2024-11-30T10:56:24 IST" name="Test2" finished-at="2024-11-30T10:57:22 IST" duration-ms="58560" status="PASS">
          <reporter-output>
          </reporter-output>
        </test-method> <!-- Test2 -->
        <test-method is-config="true" signature="quit()[pri:0, instance:com.cicd.testdemo.AutomationTalkDemo@18df8434]" started-at="2024-11-30T10:57:22 IST" name="quit" finished-at="2024-11-30T10:57:23 IST" duration-ms="333" status="PASS">
          <reporter-output>
          </reporter-output>
        </test-method> <!-- quit -->
        <test-method is-config="true" signature="setUp()[pri:0, instance:com.cicd.testdemo.AutomationTalkDemo@18df8434]" started-at="2024-11-30T10:57:23 IST" name="setUp" finished-at="2024-11-30T10:57:27 IST" duration-ms="4169" status="PASS">
          <reporter-output>
          </reporter-output>
        </test-method> <!-- setUp -->
        <test-method signature="Test3()[pri:0, instance:com.cicd.testdemo.AutomationTalkDemo@18df8434]" started-at="2024-11-30T10:57:27 IST" name="Test3" finished-at="2024-11-30T10:58:25 IST" duration-ms="58535" status="PASS">
          <reporter-output>
          </reporter-output>
        </test-method> <!-- Test3 -->
        <test-method is-config="true" signature="quit()[pri:0, instance:com.cicd.testdemo.AutomationTalkDemo@18df8434]" started-at="2024-11-30T10:58:25 IST" name="quit" finished-at="2024-11-30T10:58:26 IST" duration-ms="323" status="PASS">
          <reporter-output>
          </reporter-output>
        </test-method> <!-- quit -->
      </class> <!-- com.cicd.testdemo.AutomationTalkDemo -->
    </test> <!-- Test -->
  </suite> <!-- Suite -->
</testng-results>
