<?xml version="1.0" encoding="UTF-8"?>
<testng-results ignored="0" total="3" passed="3" failed="0" skipped="0">
  <reporter-output>
  </reporter-output>
  <suite started-at="2024-12-06T22:12:38 IST" name="Default suite" finished-at="2024-12-06T22:15:53 IST" duration-ms="194482">
    <groups>
    </groups>
    <test started-at="2024-12-06T22:12:38 IST" name="Default test" finished-at="2024-12-06T22:15:53 IST" duration-ms="194482">
      <class name="com.cicd.testdemo.AutomationTalkDemo">
        <test-method is-config="true" signature="setUp()[pri:0, instance:com.cicd.testdemo.AutomationTalkDemo@18df8434]" started-at="2024-12-06T22:12:38 IST" name="setUp" finished-at="2024-12-06T22:12:46 IST" duration-ms="7210" status="PASS">
          <reporter-output>
          </reporter-output>
        </test-method> <!-- setUp -->
        <test-method signature="Test1()[pri:0, instance:com.cicd.testdemo.AutomationTalkDemo@18df8434]" started-at="2024-12-06T22:12:46 IST" name="Test1" finished-at="2024-12-06T22:13:45 IST" duration-ms="59434" status="PASS">
          <reporter-output>
          </reporter-output>
        </test-method> <!-- Test1 -->
        <test-method is-config="true" signature="quit()[pri:0, instance:com.cicd.testdemo.AutomationTalkDemo@18df8434]" started-at="2024-12-06T22:13:45 IST" name="quit" finished-at="2024-12-06T22:13:46 IST" duration-ms="579" status="PASS">
          <reporter-output>
          </reporter-output>
        </test-method> <!-- quit -->
        <test-method is-config="true" signature="setUp()[pri:0, instance:com.cicd.testdemo.AutomationTalkDemo@18df8434]" started-at="2024-12-06T22:13:46 IST" name="setUp" finished-at="2024-12-06T22:13:51 IST" duration-ms="5037" status="PASS">
          <reporter-output>
          </reporter-output>
        </test-method> <!-- setUp -->
        <test-method signature="Test2()[pri:0, instance:com.cicd.testdemo.AutomationTalkDemo@18df8434]" started-at="2024-12-06T22:13:51 IST" name="Test2" finished-at="2024-12-06T22:14:50 IST" duration-ms="58929" status="PASS">
          <reporter-output>
          </reporter-output>
        </test-method> <!-- Test2 -->
        <test-method is-config="true" signature="quit()[pri:0, instance:com.cicd.testdemo.AutomationTalkDemo@18df8434]" started-at="2024-12-06T22:14:50 IST" name="quit" finished-at="2024-12-06T22:14:50 IST" duration-ms="293" status="PASS">
          <reporter-output>
          </reporter-output>
        </test-method> <!-- quit -->
        <test-method is-config="true" signature="setUp()[pri:0, instance:com.cicd.testdemo.AutomationTalkDemo@18df8434]" started-at="2024-12-06T22:14:50 IST" name="setUp" finished-at="2024-12-06T22:14:54 IST" duration-ms="4341" status="PASS">
          <reporter-output>
          </reporter-output>
        </test-method> <!-- setUp -->
        <test-method signature="Test3()[pri:0, instance:com.cicd.testdemo.AutomationTalkDemo@18df8434]" started-at="2024-12-06T22:14:54 IST" name="Test3" finished-at="2024-12-06T22:15:52 IST" duration-ms="58175" status="PASS">
          <reporter-output>
          </reporter-output>
        </test-method> <!-- Test3 -->
        <test-method is-config="true" signature="quit()[pri:0, instance:com.cicd.testdemo.AutomationTalkDemo@18df8434]" started-at="2024-12-06T22:15:52 IST" name="quit" finished-at="2024-12-06T22:15:53 IST" duration-ms="398" status="PASS">
          <reporter-output>
          </reporter-output>
        </test-method> <!-- quit -->
      </class> <!-- com.cicd.testdemo.AutomationTalkDemo -->
    </test> <!-- Default test -->
  </suite> <!-- Default suite -->
</testng-results>
